\BOOKMARK [1][-]{section.1}{Sobre\040o\040livro}{}% 1
\BOOKMARK [1][-]{section.2}{Sobre\040os\040autores}{}% 2
\BOOKMARK [1][-]{section.3}{Sobre o gênero}{}% 3
\BOOKMARK [1][-]{section.4}{Temas}{}% 4
\BOOKMARK [2][-]{subsection.4.1}{Quotidiano de crianças nas escolas; nas famílias e nas comunidades \(urbanas e rurais\)}{section.4}% 5
\BOOKMARK [2][-]{subsection.4.2}{Animais\040da\040fauna\040local,\040nacional\040e\040mundial}{section.4}% 6
\BOOKMARK [1][-]{section.5}{Modelagem\040de\040aula}{}% 7
\BOOKMARK [2][-]{subsection.5.1}{Antes\040de\040ler}{section.5}% 8
\BOOKMARK [3][-]{subsubsection.5.1.1}{A interação verbal}{subsection.5.1}% 9
\BOOKMARK [2][-]{subsection.5.2}{A\040leitura\040dialogada}{section.5}% 10
\BOOKMARK [2][-]{subsection.5.3}{Propostas\040de\040atividades}{section.5}% 11
\BOOKMARK [1][-]{section.6}{Literacia\040familiar}{}% 12
\BOOKMARK [2][-]{subsection.6.1}{Importância da leitura}{section.6}% 13
\BOOKMARK [2][-]{subsection.6.2}{O papel da família na formação do leitor}{section.6}% 14
\BOOKMARK [3][-]{subsubsection.6.2.1}{Práticas de literacia familiar}{subsection.6.2}% 15
\BOOKMARK [2][-]{subsection.6.3}{Exercitando\040a\040literacia\040familiar}{section.6}% 16
\BOOKMARK [1][-]{section.7}{Sugestões de referências complementares}{}% 17
\BOOKMARK [2][-]{subsection.7.1}{Livros}{section.7}% 18
\BOOKMARK [2][-]{subsection.7.2}{Artigos}{section.7}% 19
\BOOKMARK [2][-]{subsection.7.3}{Sites}{section.7}% 20
\BOOKMARK [1][-]{section.8}{Bibliografia\040comentada}{}% 21
\BOOKMARK [2][-]{subsection.8.1}{Livros}{section.8}% 22
\BOOKMARK [2][-]{subsection.8.2}{Artigos}{section.8}% 23
