\BOOKMARK [1][-]{section.1}{Sobre\040o\040livro}{}% 1
\BOOKMARK [1][-]{section.2}{Sobre\040os\040autores}{}% 2
\BOOKMARK [1][-]{section.3}{\376\377\000S\000o\000b\000r\000e\000\040\000o\000\040\000g\000\352\000n\000e\000r\000o}{}% 3
\BOOKMARK [1][-]{section.4}{Temas}{}% 4
\BOOKMARK [2][-]{subsection.4.1}{\376\377\000Q\000u\000o\000t\000i\000d\000i\000a\000n\000o\000\040\000d\000e\000\040\000c\000r\000i\000a\000n\000\347\000a\000s\000\040\000n\000a\000s\000\040\000e\000s\000c\000o\000l\000a\000s\000;\000\040\000n\000a\000s\000\040\000f\000a\000m\000\355\000l\000i\000a\000s\000\040\000e\000\040\000n\000a\000s\000\040\000c\000o\000m\000u\000n\000i\000d\000a\000d\000e\000s\000\040\000\050\000u\000r\000b\000a\000n\000a\000s\000\040\000e\000\040\000r\000u\000r\000a\000i\000s\000\051}{section.4}% 5
\BOOKMARK [1][-]{section.5}{Modelagem\040de\040aula}{}% 6
\BOOKMARK [2][-]{subsection.5.1}{Antes\040de\040ler}{section.5}% 7
\BOOKMARK [3][-]{subsubsection.5.1.1}{\376\377\000A\000\040\000i\000n\000t\000e\000r\000a\000\347\000\343\000o\000\040\000v\000e\000r\000b\000a\000l}{subsection.5.1}% 8
\BOOKMARK [2][-]{subsection.5.2}{A\040leitura\040dialogada}{section.5}% 9
\BOOKMARK [2][-]{subsection.5.3}{Proposta\040de\040atividade\0401}{section.5}% 10
\BOOKMARK [2][-]{subsection.5.4}{Proposta\040de\040atividade\0402}{section.5}% 11
\BOOKMARK [1][-]{section.6}{Literacia\040familiar}{}% 12
\BOOKMARK [2][-]{subsection.6.1}{\376\377\000I\000m\000p\000o\000r\000t\000\342\000n\000c\000i\000a\000\040\000d\000a\000\040\000l\000e\000i\000t\000u\000r\000a}{section.6}% 13
\BOOKMARK [2][-]{subsection.6.2}{\376\377\000O\000\040\000p\000a\000p\000e\000l\000\040\000d\000a\000\040\000f\000a\000m\000\355\000l\000i\000a\000\040\000n\000a\000\040\000f\000o\000r\000m\000a\000\347\000\343\000o\000\040\000d\000o\000\040\000l\000e\000i\000t\000o\000r}{section.6}% 14
\BOOKMARK [3][-]{subsubsection.6.2.1}{\376\377\000P\000r\000\341\000t\000i\000c\000a\000s\000\040\000d\000e\000\040\000l\000i\000t\000e\000r\000a\000c\000i\000a\000\040\000f\000a\000m\000i\000l\000i\000a\000r}{subsection.6.2}% 15
\BOOKMARK [2][-]{subsection.6.3}{Exercitando\040a\040literacia\040familiar}{section.6}% 16
\BOOKMARK [1][-]{section.7}{\376\377\000S\000u\000g\000e\000s\000t\000\365\000e\000s\000\040\000d\000e\000\040\000r\000e\000f\000e\000r\000\352\000n\000c\000i\000a\000s\000\040\000c\000o\000m\000p\000l\000e\000m\000e\000n\000t\000a\000r\000e\000s}{}% 17
\BOOKMARK [2][-]{subsection.7.1}{Livros}{section.7}% 18
\BOOKMARK [2][-]{subsection.7.2}{Artigos}{section.7}% 19
\BOOKMARK [2][-]{subsection.7.3}{Sites}{section.7}% 20
\BOOKMARK [1][-]{section.8}{Bibliografia\040comentada}{}% 21
\BOOKMARK [2][-]{subsection.8.1}{Livros}{section.8}% 22
\BOOKMARK [2][-]{subsection.8.2}{Artigos}{section.8}% 23
